CRITICAL - 2022-08-26 01:37:23 --> The framework needs the following extension(s) installed and loaded: intl.
in SYSTEMPATH\CodeIgniter.php on line 219.
 1 SYSTEMPATH\CodeIgniter.php(219): CodeIgniter\Exceptions\FrameworkException::forMissingExtension('intl')
 2 SYSTEMPATH\CodeIgniter.php(177): CodeIgniter\CodeIgniter->resolvePlatformExtensions()
 3 FCPATH\index.php(55): CodeIgniter\CodeIgniter->initialize()
CRITICAL - 2022-08-26 21:06:41 --> Undefined variable $data
in APPPATH\Views\unidades\unidades.php on line 3.
 1 APPPATH\Views\unidades\unidades.php(3): CodeIgniter\Debug\Exceptions->errorHandler(2, 'Undefined variable $data', 'APPPATH\\Views\\unidades\\unidades.php', 3)
 2 SYSTEMPATH\View\View.php(213): include('APPPATH\\Views\\unidades\\unidades.php')
 3 SYSTEMPATH\View\View.php(216): CodeIgniter\View\View->CodeIgniter\View\{closure}()
 4 SYSTEMPATH\Common.php(1137): CodeIgniter\View\View->render('unidades/unidades', [], true)
 5 APPPATH\Controllers\Unidades.php(23): view('unidades/unidades', [...])
 6 SYSTEMPATH\CodeIgniter.php(904): App\Controllers\Unidades->index()
 7 SYSTEMPATH\CodeIgniter.php(457): CodeIgniter\CodeIgniter->runController(Object(App\Controllers\Unidades))
 8 SYSTEMPATH\CodeIgniter.php(340): CodeIgniter\CodeIgniter->handleRequest(null, Object(Config\Cache), false)
 9 FCPATH\index.php(67): CodeIgniter\CodeIgniter->run()
CRITICAL - 2022-08-26 21:12:27 --> Undefined variable $titulo
in APPPATH\Views\unidades\unidades.php on line 223.
 1 APPPATH\Views\unidades\unidades.php(223): CodeIgniter\Debug\Exceptions->errorHandler(2, 'Undefined variable $titulo', 'APPPATH\\Views\\unidades\\unidades.php', 223)
 2 SYSTEMPATH\View\View.php(213): include('APPPATH\\Views\\unidades\\unidades.php')
 3 SYSTEMPATH\View\View.php(216): CodeIgniter\View\View->CodeIgniter\View\{closure}()
 4 SYSTEMPATH\Common.php(1137): CodeIgniter\View\View->render('unidades/unidades', [], true)
 5 APPPATH\Controllers\Unidades.php(23): view('unidades/unidades', [...])
 6 SYSTEMPATH\CodeIgniter.php(904): App\Controllers\Unidades->index()
 7 SYSTEMPATH\CodeIgniter.php(457): CodeIgniter\CodeIgniter->runController(Object(App\Controllers\Unidades))
 8 SYSTEMPATH\CodeIgniter.php(340): CodeIgniter\CodeIgniter->handleRequest(null, Object(Config\Cache), false)
 9 FCPATH\index.php(67): CodeIgniter\CodeIgniter->run()
CRITICAL - 2022-08-26 21:12:55 --> Undefined variable $titulo
in APPPATH\Views\unidades\unidades.php on line 223.
 1 APPPATH\Views\unidades\unidades.php(223): CodeIgniter\Debug\Exceptions->errorHandler(2, 'Undefined variable $titulo', 'APPPATH\\Views\\unidades\\unidades.php', 223)
 2 SYSTEMPATH\View\View.php(213): include('APPPATH\\Views\\unidades\\unidades.php')
 3 SYSTEMPATH\View\View.php(216): CodeIgniter\View\View->CodeIgniter\View\{closure}()
 4 SYSTEMPATH\Common.php(1137): CodeIgniter\View\View->render('unidades/unidades', [], true)
 5 APPPATH\Controllers\Unidades.php(23): view('unidades/unidades', [...])
 6 SYSTEMPATH\CodeIgniter.php(904): App\Controllers\Unidades->index()
 7 SYSTEMPATH\CodeIgniter.php(457): CodeIgniter\CodeIgniter->runController(Object(App\Controllers\Unidades))
 8 SYSTEMPATH\CodeIgniter.php(340): CodeIgniter\CodeIgniter->handleRequest(null, Object(Config\Cache), false)
 9 FCPATH\index.php(67): CodeIgniter\CodeIgniter->run()
CRITICAL - 2022-08-26 21:14:34 --> Undefined variable $titulo
in APPPATH\Views\unidades\unidades.php on line 223.
 1 APPPATH\Views\unidades\unidades.php(223): CodeIgniter\Debug\Exceptions->errorHandler(2, 'Undefined variable $titulo', 'APPPATH\\Views\\unidades\\unidades.php', 223)
 2 SYSTEMPATH\View\View.php(213): include('APPPATH\\Views\\unidades\\unidades.php')
 3 SYSTEMPATH\View\View.php(216): CodeIgniter\View\View->CodeIgniter\View\{closure}()
 4 SYSTEMPATH\Common.php(1137): CodeIgniter\View\View->render('unidades/unidades', [], true)
 5 APPPATH\Controllers\Unidades.php(23): view('unidades/unidades', [...])
 6 SYSTEMPATH\CodeIgniter.php(904): App\Controllers\Unidades->index()
 7 SYSTEMPATH\CodeIgniter.php(457): CodeIgniter\CodeIgniter->runController(Object(App\Controllers\Unidades))
 8 SYSTEMPATH\CodeIgniter.php(340): CodeIgniter\CodeIgniter->handleRequest(null, Object(Config\Cache), false)
 9 FCPATH\index.php(67): CodeIgniter\CodeIgniter->run()
CRITICAL - 2022-08-26 22:18:20 --> Invalid file: unidades/nuevo.php
in SYSTEMPATH\Exceptions\FrameworkException.php on line 33.
 1 SYSTEMPATH\View\View.php(201): CodeIgniter\Exceptions\FrameworkException::forInvalidFile('unidades/nuevo.php')
 2 SYSTEMPATH\Common.php(1137): CodeIgniter\View\View->render('unidades/nuevo', [], true)
 3 APPPATH\Controllers\Unidades.php(32): view('unidades/nuevo', [...])
 4 SYSTEMPATH\CodeIgniter.php(904): App\Controllers\Unidades->nuevo()
 5 SYSTEMPATH\CodeIgniter.php(457): CodeIgniter\CodeIgniter->runController(Object(App\Controllers\Unidades))
 6 SYSTEMPATH\CodeIgniter.php(340): CodeIgniter\CodeIgniter->handleRequest(null, Object(Config\Cache), false)
 7 FCPATH\index.php(67): CodeIgniter\CodeIgniter->run()
CRITICAL - 2022-08-26 22:18:39 --> Invalid file: unidades/nuevo.php
in SYSTEMPATH\Exceptions\FrameworkException.php on line 33.
 1 SYSTEMPATH\View\View.php(201): CodeIgniter\Exceptions\FrameworkException::forInvalidFile('unidades/nuevo.php')
 2 SYSTEMPATH\Common.php(1137): CodeIgniter\View\View->render('unidades/nuevo', [], true)
 3 APPPATH\Controllers\Unidades.php(32): view('unidades/nuevo', [...])
 4 SYSTEMPATH\CodeIgniter.php(904): App\Controllers\Unidades->nuevo()
 5 SYSTEMPATH\CodeIgniter.php(457): CodeIgniter\CodeIgniter->runController(Object(App\Controllers\Unidades))
 6 SYSTEMPATH\CodeIgniter.php(340): CodeIgniter\CodeIgniter->handleRequest(null, Object(Config\Cache), false)
 7 FCPATH\index.php(67): CodeIgniter\CodeIgniter->run()
CRITICAL - 2022-08-26 22:20:24 --> Undefined variable $datos
in APPPATH\Views\unidades\nuevo.php on line 239.
 1 APPPATH\Views\unidades\nuevo.php(239): CodeIgniter\Debug\Exceptions->errorHandler(2, 'Undefined variable $datos', 'APPPATH\\Views\\unidades\\nuevo.php', 239)
 2 SYSTEMPATH\View\View.php(213): include('APPPATH\\Views\\unidades\\nuevo.php')
 3 SYSTEMPATH\View\View.php(216): CodeIgniter\View\View->CodeIgniter\View\{closure}()
 4 SYSTEMPATH\Common.php(1137): CodeIgniter\View\View->render('unidades/nuevo', [], true)
 5 APPPATH\Controllers\Unidades.php(32): view('unidades/nuevo', [...])
 6 SYSTEMPATH\CodeIgniter.php(904): App\Controllers\Unidades->nuevo()
 7 SYSTEMPATH\CodeIgniter.php(457): CodeIgniter\CodeIgniter->runController(Object(App\Controllers\Unidades))
 8 SYSTEMPATH\CodeIgniter.php(340): CodeIgniter\CodeIgniter->handleRequest(null, Object(Config\Cache), false)
 9 FCPATH\index.php(67): CodeIgniter\CodeIgniter->run()
CRITICAL - 2022-08-26 22:20:25 --> Undefined variable $datos
in APPPATH\Views\unidades\nuevo.php on line 239.
 1 APPPATH\Views\unidades\nuevo.php(239): CodeIgniter\Debug\Exceptions->errorHandler(2, 'Undefined variable $datos', 'APPPATH\\Views\\unidades\\nuevo.php', 239)
 2 SYSTEMPATH\View\View.php(213): include('APPPATH\\Views\\unidades\\nuevo.php')
 3 SYSTEMPATH\View\View.php(216): CodeIgniter\View\View->CodeIgniter\View\{closure}()
 4 SYSTEMPATH\Common.php(1137): CodeIgniter\View\View->render('unidades/nuevo', [], true)
 5 APPPATH\Controllers\Unidades.php(32): view('unidades/nuevo', [...])
 6 SYSTEMPATH\CodeIgniter.php(904): App\Controllers\Unidades->nuevo()
 7 SYSTEMPATH\CodeIgniter.php(457): CodeIgniter\CodeIgniter->runController(Object(App\Controllers\Unidades))
 8 SYSTEMPATH\CodeIgniter.php(340): CodeIgniter\CodeIgniter->handleRequest(null, Object(Config\Cache), false)
 9 FCPATH\index.php(67): CodeIgniter\CodeIgniter->run()
CRITICAL - 2022-08-26 22:20:56 --> Undefined variable $datos
in APPPATH\Views\unidades\nuevo.php on line 239.
 1 APPPATH\Views\unidades\nuevo.php(239): CodeIgniter\Debug\Exceptions->errorHandler(2, 'Undefined variable $datos', 'APPPATH\\Views\\unidades\\nuevo.php', 239)
 2 SYSTEMPATH\View\View.php(213): include('APPPATH\\Views\\unidades\\nuevo.php')
 3 SYSTEMPATH\View\View.php(216): CodeIgniter\View\View->CodeIgniter\View\{closure}()
 4 SYSTEMPATH\Common.php(1137): CodeIgniter\View\View->render('unidades/nuevo', [], true)
 5 APPPATH\Controllers\Unidades.php(32): view('unidades/nuevo', [...])
 6 SYSTEMPATH\CodeIgniter.php(904): App\Controllers\Unidades->nuevo()
 7 SYSTEMPATH\CodeIgniter.php(457): CodeIgniter\CodeIgniter->runController(Object(App\Controllers\Unidades))
 8 SYSTEMPATH\CodeIgniter.php(340): CodeIgniter\CodeIgniter->handleRequest(null, Object(Config\Cache), false)
 9 FCPATH\index.php(67): CodeIgniter\CodeIgniter->run()
CRITICAL - 2022-08-26 22:25:14 --> Undefined variable $datos
in APPPATH\Views\unidades\nuevo.php on line 34.
 1 APPPATH\Views\unidades\nuevo.php(34): CodeIgniter\Debug\Exceptions->errorHandler(2, 'Undefined variable $datos', 'APPPATH\\Views\\unidades\\nuevo.php', 34)
 2 SYSTEMPATH\View\View.php(213): include('APPPATH\\Views\\unidades\\nuevo.php')
 3 SYSTEMPATH\View\View.php(216): CodeIgniter\View\View->CodeIgniter\View\{closure}()
 4 SYSTEMPATH\Common.php(1137): CodeIgniter\View\View->render('unidades/nuevo', [], true)
 5 APPPATH\Controllers\Unidades.php(32): view('unidades/nuevo', [...])
 6 SYSTEMPATH\CodeIgniter.php(904): App\Controllers\Unidades->nuevo()
 7 SYSTEMPATH\CodeIgniter.php(457): CodeIgniter\CodeIgniter->runController(Object(App\Controllers\Unidades))
 8 SYSTEMPATH\CodeIgniter.php(340): CodeIgniter\CodeIgniter->handleRequest(null, Object(Config\Cache), false)
 9 FCPATH\index.php(67): CodeIgniter\CodeIgniter->run()
