CRITICAL - 2022-08-25 19:05:57 --> require(conexion.php): Failed to open stream: No such file or directory
in APPPATH\Views\tables.php on line 3.
 1 APPPATH\Views\tables.php(3): CodeIgniter\Debug\Exceptions->errorHandler(2, 'require(conexion.php): Failed to open stream: No such file or directory', 'APPPATH\\Views\\tables.php', 3)
 2 APPPATH\Views\tables.php(3): require()
 3 SYSTEMPATH\View\View.php(213): include('APPPATH\\Views\\tables.php')
 4 SYSTEMPATH\View\View.php(216): CodeIgniter\View\View->CodeIgniter\View\{closure}()
 5 SYSTEMPATH\Common.php(1137): CodeIgniter\View\View->render('tables', [], true)
 6 APPPATH\Controllers\Home.php(9): view('tables')
 7 SYSTEMPATH\CodeIgniter.php(904): App\Controllers\Home->index()
 8 SYSTEMPATH\CodeIgniter.php(457): CodeIgniter\CodeIgniter->runController(Object(App\Controllers\Home))
 9 SYSTEMPATH\CodeIgniter.php(340): CodeIgniter\CodeIgniter->handleRequest(null, Object(Config\Cache), false)
10 FCPATH\index.php(67): CodeIgniter\CodeIgniter->run()
CRITICAL - 2022-08-25 19:06:00 --> require(conexion.php): Failed to open stream: No such file or directory
in APPPATH\Views\tables.php on line 3.
 1 APPPATH\Views\tables.php(3): CodeIgniter\Debug\Exceptions->errorHandler(2, 'require(conexion.php): Failed to open stream: No such file or directory', 'APPPATH\\Views\\tables.php', 3)
 2 APPPATH\Views\tables.php(3): require()
 3 SYSTEMPATH\View\View.php(213): include('APPPATH\\Views\\tables.php')
 4 SYSTEMPATH\View\View.php(216): CodeIgniter\View\View->CodeIgniter\View\{closure}()
 5 SYSTEMPATH\Common.php(1137): CodeIgniter\View\View->render('tables', [], true)
 6 APPPATH\Controllers\Home.php(9): view('tables')
 7 SYSTEMPATH\CodeIgniter.php(904): App\Controllers\Home->index()
 8 SYSTEMPATH\CodeIgniter.php(457): CodeIgniter\CodeIgniter->runController(Object(App\Controllers\Home))
 9 SYSTEMPATH\CodeIgniter.php(340): CodeIgniter\CodeIgniter->handleRequest(null, Object(Config\Cache), false)
10 FCPATH\index.php(67): CodeIgniter\CodeIgniter->run()
CRITICAL - 2022-08-25 19:06:20 --> Undefined variable $resultado
in APPPATH\Views\tables.php on line 401.
 1 APPPATH\Views\tables.php(401): CodeIgniter\Debug\Exceptions->errorHandler(2, 'Undefined variable $resultado', 'APPPATH\\Views\\tables.php', 401)
 2 SYSTEMPATH\View\View.php(213): include('APPPATH\\Views\\tables.php')
 3 SYSTEMPATH\View\View.php(216): CodeIgniter\View\View->CodeIgniter\View\{closure}()
 4 SYSTEMPATH\Common.php(1137): CodeIgniter\View\View->render('tables', [], true)
 5 APPPATH\Controllers\Home.php(9): view('tables')
 6 SYSTEMPATH\CodeIgniter.php(904): App\Controllers\Home->index()
 7 SYSTEMPATH\CodeIgniter.php(457): CodeIgniter\CodeIgniter->runController(Object(App\Controllers\Home))
 8 SYSTEMPATH\CodeIgniter.php(340): CodeIgniter\CodeIgniter->handleRequest(null, Object(Config\Cache), false)
 9 FCPATH\index.php(67): CodeIgniter\CodeIgniter->run()
