CRITICAL - 2022-09-16 11:21:56 --> syntax error, unexpected '}', expecting ';'
in APPPATH\Controllers\Usuarios.php on line 203.
 1 SYSTEMPATH\Autoloader\Autoloader.php(259): CodeIgniter\Autoloader\Autoloader->includeFile('APPPATH\\Controllers\\Usuarios.php')
 2 SYSTEMPATH\Autoloader\Autoloader.php(237): CodeIgniter\Autoloader\Autoloader->loadInNamespace('App\\Controllers\\Usuarios')
 3 [internal function]: CodeIgniter\Autoloader\Autoloader->loadClass('App\\Controllers\\Usuarios')
 4 [internal function]: spl_autoload_call('App\\Controllers\\Usuarios')
 5 SYSTEMPATH\CodeIgniter.php(854): class_exists('\\App\\Controllers\\Usuarios', true)
 6 SYSTEMPATH\CodeIgniter.php(444): CodeIgniter\CodeIgniter->startController()
 7 SYSTEMPATH\CodeIgniter.php(340): CodeIgniter\CodeIgniter->handleRequest(null, Object(Config\Cache), false)
 8 FCPATH\index.php(67): CodeIgniter\CodeIgniter->run()
CRITICAL - 2022-09-16 11:27:18 --> syntax error, unexpected '}', expecting ';' or ','
in APPPATH\Controllers\Usuarios.php on line 213.
 1 SYSTEMPATH\Autoloader\Autoloader.php(259): CodeIgniter\Autoloader\Autoloader->includeFile('APPPATH\\Controllers\\Usuarios.php')
 2 SYSTEMPATH\Autoloader\Autoloader.php(237): CodeIgniter\Autoloader\Autoloader->loadInNamespace('App\\Controllers\\Usuarios')
 3 [internal function]: CodeIgniter\Autoloader\Autoloader->loadClass('App\\Controllers\\Usuarios')
 4 [internal function]: spl_autoload_call('App\\Controllers\\Usuarios')
 5 SYSTEMPATH\CodeIgniter.php(854): class_exists('\\App\\Controllers\\Usuarios', true)
 6 SYSTEMPATH\CodeIgniter.php(444): CodeIgniter\CodeIgniter->startController()
 7 SYSTEMPATH\CodeIgniter.php(340): CodeIgniter\CodeIgniter->handleRequest(null, Object(Config\Cache), false)
 8 FCPATH\index.php(67): CodeIgniter\CodeIgniter->run()
CRITICAL - 2022-09-16 11:27:20 --> syntax error, unexpected '}', expecting ';' or ','
in APPPATH\Controllers\Usuarios.php on line 213.
 1 SYSTEMPATH\Autoloader\Autoloader.php(259): CodeIgniter\Autoloader\Autoloader->includeFile('APPPATH\\Controllers\\Usuarios.php')
 2 SYSTEMPATH\Autoloader\Autoloader.php(237): CodeIgniter\Autoloader\Autoloader->loadInNamespace('App\\Controllers\\Usuarios')
 3 [internal function]: CodeIgniter\Autoloader\Autoloader->loadClass('App\\Controllers\\Usuarios')
 4 [internal function]: spl_autoload_call('App\\Controllers\\Usuarios')
 5 SYSTEMPATH\CodeIgniter.php(854): class_exists('\\App\\Controllers\\Usuarios', true)
 6 SYSTEMPATH\CodeIgniter.php(444): CodeIgniter\CodeIgniter->startController()
 7 SYSTEMPATH\CodeIgniter.php(340): CodeIgniter\CodeIgniter->handleRequest(null, Object(Config\Cache), false)
 8 FCPATH\index.php(67): CodeIgniter\CodeIgniter->run()
CRITICAL - 2022-09-16 11:27:21 --> syntax error, unexpected '}', expecting ';' or ','
in APPPATH\Controllers\Usuarios.php on line 213.
 1 SYSTEMPATH\Autoloader\Autoloader.php(259): CodeIgniter\Autoloader\Autoloader->includeFile('APPPATH\\Controllers\\Usuarios.php')
 2 SYSTEMPATH\Autoloader\Autoloader.php(237): CodeIgniter\Autoloader\Autoloader->loadInNamespace('App\\Controllers\\Usuarios')
 3 [internal function]: CodeIgniter\Autoloader\Autoloader->loadClass('App\\Controllers\\Usuarios')
 4 [internal function]: spl_autoload_call('App\\Controllers\\Usuarios')
 5 SYSTEMPATH\CodeIgniter.php(854): class_exists('\\App\\Controllers\\Usuarios', true)
 6 SYSTEMPATH\CodeIgniter.php(444): CodeIgniter\CodeIgniter->startController()
 7 SYSTEMPATH\CodeIgniter.php(340): CodeIgniter\CodeIgniter->handleRequest(null, Object(Config\Cache), false)
 8 FCPATH\index.php(67): CodeIgniter\CodeIgniter->run()
CRITICAL - 2022-09-16 11:27:22 --> syntax error, unexpected '}', expecting ';' or ','
in APPPATH\Controllers\Usuarios.php on line 213.
 1 SYSTEMPATH\Autoloader\Autoloader.php(259): CodeIgniter\Autoloader\Autoloader->includeFile('APPPATH\\Controllers\\Usuarios.php')
 2 SYSTEMPATH\Autoloader\Autoloader.php(237): CodeIgniter\Autoloader\Autoloader->loadInNamespace('App\\Controllers\\Usuarios')
 3 [internal function]: CodeIgniter\Autoloader\Autoloader->loadClass('App\\Controllers\\Usuarios')
 4 [internal function]: spl_autoload_call('App\\Controllers\\Usuarios')
 5 SYSTEMPATH\CodeIgniter.php(854): class_exists('\\App\\Controllers\\Usuarios', true)
 6 SYSTEMPATH\CodeIgniter.php(444): CodeIgniter\CodeIgniter->startController()
 7 SYSTEMPATH\CodeIgniter.php(340): CodeIgniter\CodeIgniter->handleRequest(null, Object(Config\Cache), false)
 8 FCPATH\index.php(67): CodeIgniter\CodeIgniter->run()
CRITICAL - 2022-09-16 11:28:49 --> Undefined variable: usuario
in APPPATH\Controllers\Usuarios.php on line 187.
 1 APPPATH\Controllers\Usuarios.php(187): CodeIgniter\Debug\Exceptions->errorHandler(8, 'Undefined variable: usuario', 'APPPATH\\Controllers\\Usuarios.php', 187, [])
 2 SYSTEMPATH\CodeIgniter.php(904): App\Controllers\Usuarios->valida()
 3 SYSTEMPATH\CodeIgniter.php(457): CodeIgniter\CodeIgniter->runController(Object(App\Controllers\Usuarios))
 4 SYSTEMPATH\CodeIgniter.php(340): CodeIgniter\CodeIgniter->handleRequest(null, Object(Config\Cache), false)
 5 FCPATH\index.php(67): CodeIgniter\CodeIgniter->run()
CRITICAL - 2022-09-16 11:28:55 --> Undefined variable: usuario
in APPPATH\Controllers\Usuarios.php on line 187.
 1 APPPATH\Controllers\Usuarios.php(187): CodeIgniter\Debug\Exceptions->errorHandler(8, 'Undefined variable: usuario', 'APPPATH\\Controllers\\Usuarios.php', 187, [])
 2 SYSTEMPATH\CodeIgniter.php(904): App\Controllers\Usuarios->valida()
 3 SYSTEMPATH\CodeIgniter.php(457): CodeIgniter\CodeIgniter->runController(Object(App\Controllers\Usuarios))
 4 SYSTEMPATH\CodeIgniter.php(340): CodeIgniter\CodeIgniter->handleRequest(null, Object(Config\Cache), false)
 5 FCPATH\index.php(67): CodeIgniter\CodeIgniter->run()
CRITICAL - 2022-09-16 11:29:32 --> Undefined variable: usuario
in APPPATH\Controllers\Usuarios.php on line 187.
 1 APPPATH\Controllers\Usuarios.php(187): CodeIgniter\Debug\Exceptions->errorHandler(8, 'Undefined variable: usuario', 'APPPATH\\Controllers\\Usuarios.php', 187, [])
 2 SYSTEMPATH\CodeIgniter.php(904): App\Controllers\Usuarios->valida()
 3 SYSTEMPATH\CodeIgniter.php(457): CodeIgniter\CodeIgniter->runController(Object(App\Controllers\Usuarios))
 4 SYSTEMPATH\CodeIgniter.php(340): CodeIgniter\CodeIgniter->handleRequest(null, Object(Config\Cache), false)
 5 FCPATH\index.php(67): CodeIgniter\CodeIgniter->run()
CRITICAL - 2022-09-16 11:31:17 --> Undefined variable: usuario
in APPPATH\Controllers\Usuarios.php on line 187.
 1 APPPATH\Controllers\Usuarios.php(187): CodeIgniter\Debug\Exceptions->errorHandler(8, 'Undefined variable: usuario', 'APPPATH\\Controllers\\Usuarios.php', 187, [])
 2 SYSTEMPATH\CodeIgniter.php(904): App\Controllers\Usuarios->valida()
 3 SYSTEMPATH\CodeIgniter.php(457): CodeIgniter\CodeIgniter->runController(Object(App\Controllers\Usuarios))
 4 SYSTEMPATH\CodeIgniter.php(340): CodeIgniter\CodeIgniter->handleRequest(null, Object(Config\Cache), false)
 5 FCPATH\index.php(67): CodeIgniter\CodeIgniter->run()
CRITICAL - 2022-09-16 11:34:28 --> Undefined variable: usuario
in APPPATH\Controllers\Usuarios.php on line 187.
 1 APPPATH\Controllers\Usuarios.php(187): CodeIgniter\Debug\Exceptions->errorHandler(8, 'Undefined variable: usuario', 'APPPATH\\Controllers\\Usuarios.php', 187, [])
 2 SYSTEMPATH\CodeIgniter.php(904): App\Controllers\Usuarios->valida()
 3 SYSTEMPATH\CodeIgniter.php(457): CodeIgniter\CodeIgniter->runController(Object(App\Controllers\Usuarios))
 4 SYSTEMPATH\CodeIgniter.php(340): CodeIgniter\CodeIgniter->handleRequest(null, Object(Config\Cache), false)
 5 FCPATH\index.php(67): CodeIgniter\CodeIgniter->run()
CRITICAL - 2022-09-16 11:34:57 --> Undefined variable: usuario
in APPPATH\Controllers\Usuarios.php on line 187.
 1 APPPATH\Controllers\Usuarios.php(187): CodeIgniter\Debug\Exceptions->errorHandler(8, 'Undefined variable: usuario', 'APPPATH\\Controllers\\Usuarios.php', 187, [])
 2 SYSTEMPATH\CodeIgniter.php(904): App\Controllers\Usuarios->valida()
 3 SYSTEMPATH\CodeIgniter.php(457): CodeIgniter\CodeIgniter->runController(Object(App\Controllers\Usuarios))
 4 SYSTEMPATH\CodeIgniter.php(340): CodeIgniter\CodeIgniter->handleRequest(null, Object(Config\Cache), false)
 5 FCPATH\index.php(67): CodeIgniter\CodeIgniter->run()
CRITICAL - 2022-09-16 11:35:09 --> Undefined variable: usuario
in APPPATH\Controllers\Usuarios.php on line 187.
 1 APPPATH\Controllers\Usuarios.php(187): CodeIgniter\Debug\Exceptions->errorHandler(8, 'Undefined variable: usuario', 'APPPATH\\Controllers\\Usuarios.php', 187, [])
 2 SYSTEMPATH\CodeIgniter.php(904): App\Controllers\Usuarios->valida()
 3 SYSTEMPATH\CodeIgniter.php(457): CodeIgniter\CodeIgniter->runController(Object(App\Controllers\Usuarios))
 4 SYSTEMPATH\CodeIgniter.php(340): CodeIgniter\CodeIgniter->handleRequest(null, Object(Config\Cache), false)
 5 FCPATH\index.php(67): CodeIgniter\CodeIgniter->run()
CRITICAL - 2022-09-16 11:37:26 --> Undefined variable: usuario
in APPPATH\Controllers\Usuarios.php on line 187.
 1 APPPATH\Controllers\Usuarios.php(187): CodeIgniter\Debug\Exceptions->errorHandler(8, 'Undefined variable: usuario', 'APPPATH\\Controllers\\Usuarios.php', 187, [])
 2 SYSTEMPATH\CodeIgniter.php(904): App\Controllers\Usuarios->valida()
 3 SYSTEMPATH\CodeIgniter.php(457): CodeIgniter\CodeIgniter->runController(Object(App\Controllers\Usuarios))
 4 SYSTEMPATH\CodeIgniter.php(340): CodeIgniter\CodeIgniter->handleRequest(null, Object(Config\Cache), false)
 5 FCPATH\index.php(67): CodeIgniter\CodeIgniter->run()
CRITICAL - 2022-09-16 11:37:32 --> Undefined variable: usuario
in APPPATH\Controllers\Usuarios.php on line 187.
 1 APPPATH\Controllers\Usuarios.php(187): CodeIgniter\Debug\Exceptions->errorHandler(8, 'Undefined variable: usuario', 'APPPATH\\Controllers\\Usuarios.php', 187, [])
 2 SYSTEMPATH\CodeIgniter.php(904): App\Controllers\Usuarios->valida()
 3 SYSTEMPATH\CodeIgniter.php(457): CodeIgniter\CodeIgniter->runController(Object(App\Controllers\Usuarios))
 4 SYSTEMPATH\CodeIgniter.php(340): CodeIgniter\CodeIgniter->handleRequest(null, Object(Config\Cache), false)
 5 FCPATH\index.php(67): CodeIgniter\CodeIgniter->run()
CRITICAL - 2022-09-16 11:43:54 --> Undefined variable: usuario
in APPPATH\Controllers\Usuarios.php on line 187.
 1 APPPATH\Controllers\Usuarios.php(187): CodeIgniter\Debug\Exceptions->errorHandler(8, 'Undefined variable: usuario', 'APPPATH\\Controllers\\Usuarios.php', 187, [])
 2 SYSTEMPATH\CodeIgniter.php(904): App\Controllers\Usuarios->valida()
 3 SYSTEMPATH\CodeIgniter.php(457): CodeIgniter\CodeIgniter->runController(Object(App\Controllers\Usuarios))
 4 SYSTEMPATH\CodeIgniter.php(340): CodeIgniter\CodeIgniter->handleRequest(null, Object(Config\Cache), false)
 5 FCPATH\index.php(67): CodeIgniter\CodeIgniter->run()
CRITICAL - 2022-09-16 11:43:59 --> Undefined variable: usuario
in APPPATH\Controllers\Usuarios.php on line 187.
 1 APPPATH\Controllers\Usuarios.php(187): CodeIgniter\Debug\Exceptions->errorHandler(8, 'Undefined variable: usuario', 'APPPATH\\Controllers\\Usuarios.php', 187, [])
 2 SYSTEMPATH\CodeIgniter.php(904): App\Controllers\Usuarios->valida()
 3 SYSTEMPATH\CodeIgniter.php(457): CodeIgniter\CodeIgniter->runController(Object(App\Controllers\Usuarios))
 4 SYSTEMPATH\CodeIgniter.php(340): CodeIgniter\CodeIgniter->handleRequest(null, Object(Config\Cache), false)
 5 FCPATH\index.php(67): CodeIgniter\CodeIgniter->run()
CRITICAL - 2022-09-16 11:44:48 --> Undefined property: App\Controllers\Usuarios::$usuario
in APPPATH\Controllers\Usuarios.php on line 189.
 1 APPPATH\Controllers\Usuarios.php(189): CodeIgniter\Debug\Exceptions->errorHandler(8, 'Undefined property: App\\Controllers\\Usuarios::$usuario', 'APPPATH\\Controllers\\Usuarios.php', 189, [...])
 2 SYSTEMPATH\CodeIgniter.php(904): App\Controllers\Usuarios->valida()
 3 SYSTEMPATH\CodeIgniter.php(457): CodeIgniter\CodeIgniter->runController(Object(App\Controllers\Usuarios))
 4 SYSTEMPATH\CodeIgniter.php(340): CodeIgniter\CodeIgniter->handleRequest(null, Object(Config\Cache), false)
 5 FCPATH\index.php(67): CodeIgniter\CodeIgniter->run()
CRITICAL - 2022-09-16 11:47:44 --> Invalid file: login.php
in SYSTEMPATH\Exceptions\FrameworkException.php on line 33.
 1 SYSTEMPATH\View\View.php(201): CodeIgniter\Exceptions\FrameworkException::forInvalidFile('login.php')
 2 SYSTEMPATH\Common.php(1137): CodeIgniter\View\View->render('login', [], true)
 3 APPPATH\Controllers\Usuarios.php(209): view('login')
 4 SYSTEMPATH\CodeIgniter.php(904): App\Controllers\Usuarios->valida()
 5 SYSTEMPATH\CodeIgniter.php(457): CodeIgniter\CodeIgniter->runController(Object(App\Controllers\Usuarios))
 6 SYSTEMPATH\CodeIgniter.php(340): CodeIgniter\CodeIgniter->handleRequest(null, Object(Config\Cache), false)
 7 FCPATH\index.php(67): CodeIgniter\CodeIgniter->run()
CRITICAL - 2022-09-16 11:48:43 --> Invalid file: login.php
in SYSTEMPATH\Exceptions\FrameworkException.php on line 33.
 1 SYSTEMPATH\View\View.php(201): CodeIgniter\Exceptions\FrameworkException::forInvalidFile('login.php')
 2 SYSTEMPATH\Common.php(1137): CodeIgniter\View\View->render('login', [], true)
 3 APPPATH\Controllers\Usuarios.php(209): view('login')
 4 SYSTEMPATH\CodeIgniter.php(904): App\Controllers\Usuarios->valida()
 5 SYSTEMPATH\CodeIgniter.php(457): CodeIgniter\CodeIgniter->runController(Object(App\Controllers\Usuarios))
 6 SYSTEMPATH\CodeIgniter.php(340): CodeIgniter\CodeIgniter->handleRequest(null, Object(Config\Cache), false)
 7 FCPATH\index.php(67): CodeIgniter\CodeIgniter->run()
CRITICAL - 2022-09-16 11:54:29 --> Invalid file: login.php
in SYSTEMPATH\Exceptions\FrameworkException.php on line 33.
 1 SYSTEMPATH\View\View.php(201): CodeIgniter\Exceptions\FrameworkException::forInvalidFile('login.php')
 2 SYSTEMPATH\Common.php(1137): CodeIgniter\View\View->render('login', [], true)
 3 APPPATH\Controllers\Usuarios.php(209): view('login')
 4 SYSTEMPATH\CodeIgniter.php(904): App\Controllers\Usuarios->valida()
 5 SYSTEMPATH\CodeIgniter.php(457): CodeIgniter\CodeIgniter->runController(Object(App\Controllers\Usuarios))
 6 SYSTEMPATH\CodeIgniter.php(340): CodeIgniter\CodeIgniter->handleRequest(null, Object(Config\Cache), false)
 7 FCPATH\index.php(67): CodeIgniter\CodeIgniter->run()
CRITICAL - 2022-09-16 11:54:37 --> Invalid file: login.php
in SYSTEMPATH\Exceptions\FrameworkException.php on line 33.
 1 SYSTEMPATH\View\View.php(201): CodeIgniter\Exceptions\FrameworkException::forInvalidFile('login.php')
 2 SYSTEMPATH\Common.php(1137): CodeIgniter\View\View->render('login', [], true)
 3 APPPATH\Controllers\Usuarios.php(205): view('login')
 4 SYSTEMPATH\CodeIgniter.php(904): App\Controllers\Usuarios->valida()
 5 SYSTEMPATH\CodeIgniter.php(457): CodeIgniter\CodeIgniter->runController(Object(App\Controllers\Usuarios))
 6 SYSTEMPATH\CodeIgniter.php(340): CodeIgniter\CodeIgniter->handleRequest(null, Object(Config\Cache), false)
 7 FCPATH\index.php(67): CodeIgniter\CodeIgniter->run()
